# JRE version: OpenJDK Runtime Environment Temurin-17.0.13+11 (17.0.13+11) (build 17.0.13+11)
# Java VM: OpenJDK 64-Bit Server VM Temurin-17.0.13+11 (17.0.13+11, mixed mode, sharing, tiered, compressed oops, compressed class ptrs, g1 gc, windows-amd64)
GC Precious Log:
 CPUs: 4 total, 4 available
 Memory: 7926M
 Large Page Support: Disabled
 NUMA Support: Disabled
 Compressed Oops: Enabled (32-bit)
 Heap Region Size: 1M
 Heap Min Capacity: 8M
 Heap Initial Capacity: 8M
 Heap Max Capacity: 1982M
 Pre-touch: Disabled
 Parallel Workers: 4
 Concurrent Workers: 1
 Concurrent Refinement Workers: 4
 Periodic GC: Disabled
Heap:
 garbage-first heap   total 8192K, used 2952K [0x0000000084200000, 0x0000000100000000)
  region size 1024K, 1 young (1024K), 1 survivors (1024K)
 Metaspace       used 7631K, committed 7808K, reserved 1114112K
  class space    used 890K, committed 960K, reserved 1048576K
GC Heap History (9 events):
Event: 0.224 GC heap before
{Heap before GC invocations=0 (full 0):
 garbage-first heap   total 8192K, used 3072K [0x0000000084200000, 0x0000000100000000)
  region size 1024K, 3 young (3072K), 0 survivors (0K)
 Metaspace       used 2706K, committed 2880K, reserved 1114112K
  class space    used 352K, committed 448K, reserved 1048576K
}
Event: 0.228 GC heap after
{Heap after GC invocations=1 (full 0):
 garbage-first heap   total 8192K, used 1416K [0x0000000084200000, 0x0000000100000000)
  region size 1024K, 1 young (1024K), 1 survivors (1024K)
 Metaspace       used 2706K, committed 2880K, reserved 1114112K
  class space    used 352K, committed 448K, reserved 1048576K
}
Event: 0.337 GC heap before
{Heap before GC invocations=1 (full 0):
 garbage-first heap   total 8192K, used 2440K [0x0000000084200000, 0x0000000100000000)
  region size 1024K, 2 young (2048K), 1 survivors (1024K)
 Metaspace       used 5408K, committed 5568K, reserved 1114112K
  class space    used 643K, committed 768K, reserved 1048576K
}
Event: 0.340 GC heap after
{Heap after GC invocations=2 (full 0):
 garbage-first heap   total 8192K, used 1910K [0x0000000084200000, 0x0000000100000000)
  region size 1024K, 1 young (1024K), 1 survivors (1024K)
 Metaspace       used 5408K, committed 5568K, reserved 1114112K
  class space    used 643K, committed 768K, reserved 1048576K
}
Event: 0.418 GC heap before
{Heap before GC invocations=2 (full 0):
 garbage-first heap   total 8192K, used 2934K [0x0000000084200000, 0x0000000100000000)
  region size 1024K, 2 young (2048K), 1 survivors (1024K)
 Metaspace       used 7104K, committed 7296K, reserved 1114112K
  class space    used 834K, committed 896K, reserved 1048576K
}
Event: 0.419 GC heap after
{Heap after GC invocations=3 (full 0):
 garbage-first heap   total 8192K, used 2204K [0x0000000084200000, 0x0000000100000000)
  region size 1024K, 1 young (1024K), 1 survivors (1024K)
 Metaspace       used 7104K, committed 7296K, reserved 1114112K
  class space    used 834K, committed 896K, reserved 1048576K
}
Event: 0.464 GC heap before
{Heap before GC invocations=3 (full 0):
 garbage-first heap   total 8192K, used 3228K [0x0000000084200000, 0x0000000100000000)
  region size 1024K, 2 young (2048K), 1 survivors (1024K)
 Metaspace       used 7544K, committed 7744K, reserved 1114112K
  class space    used 884K, committed 960K, reserved 1048576K
}
Event: 0.467 GC heap after
{Heap after GC invocations=4 (full 0):
 garbage-first heap   total 8192K, used 2508K [0x0000000084200000, 0x0000000100000000)
  region size 1024K, 1 young (1024K), 1 survivors (1024K)
 Metaspace       used 7544K, committed 7744K, reserved 1114112K
  class space    used 884K, committed 960K, reserved 1048576K
}
Event: 0.499 GC heap before
{Heap before GC invocations=4 (full 0):
 garbage-first heap   total 8192K, used 3532K [0x0000000084200000, 0x0000000100000000)
  region size 1024K, 2 young (2048K), 1 survivors (1024K)
 Metaspace       used 7631K, committed 7808K, reserved 1114112K
  class space    used 890K, committed 960K, reserved 1048576K
}

